2019-03-11 00:34:28,463 INFO  [org.jboss.modules] (main) JBoss Modules version 1.8.7.Final
2019-03-11 00:34:34,122 INFO  [org.jboss.msc] (main) JBoss MSC version 1.4.5.Final
2019-03-11 00:34:34,133 INFO  [org.jboss.threads] (main) JBoss Threads version 2.3.2.Final
2019-03-11 00:34:34,294 INFO  [org.jboss.as] (MSC service thread 1-1) WFLYSRV0049: Keycloak 5.0.0 (WildFly Core 7.0.0.Final) starting
2019-03-11 00:34:34,296 DEBUG [org.jboss.as.config] (MSC service thread 1-1) Configured system properties:
	awt.toolkit = sun.awt.windows.WToolkit
	file.encoding = Cp1251
	file.separator = \
	java.awt.graphicsenv = sun.awt.Win32GraphicsEnvironment
	java.awt.printerjob = sun.awt.windows.WPrinterJob
	java.class.path = D:\Work\Phaser\westward\keycloak-5.0.0\jboss-modules.jar
	java.class.version = 55.0
	java.home = C:\Program Files\Java\jdk-11.0.2
	java.io.tmpdir = C:\Users\MIHAIL~2\AppData\Local\Temp\
	java.library.path = C:\Program Files\Java\jdk-11.0.2\bin;C:\WINDOWS\Sun\Java\bin;C:\WINDOWS\system32;C:\WINDOWS;C:\cmder\bin;C:\cmder\vendor\conemu-maximus5\ConEmu\Scripts;C:\cmder\vendor\conemu-maximus5;C:\cmder\vendor\conemu-maximus5\ConEmu;C:\Program Files\Java\jdk-11.0.2\bin;C:\Python27\;C:\Python27\Scripts;C:\Windows\system32;C:\Windows;C:\Windows\System32\Wbem;C:\Windows\System32\WindowsPowerShell\v1.0\;C:\Program Files\Intel\WiFi\bin\;C:\Program Files\Common Files\Intel\WirelessCommon\;C:\Program Files (x86)\NVIDIA Corporation\PhysX\Common;C:\Program Files\Microsoft SQL Server\120\Tools\Binn\;C:\Program Files (x86)\QuickTime\QTSystem\;C:\xampp\php;C:\ProgramData\ComposerSetup\bin;C:\WINDOWS\system32;C:\WINDOWS;C:\WINDOWS\System32\Wbem;C:\WINDOWS\System32\WindowsPowerShell\v1.0\;C:\Program Files\Git\cmd;C:\Program Files\Git\mingw64\bin;C:\Program Files\Git\usr\bin;C:\Program Files\OpenVPN\bin;C:\apache-ant-1.9.7\bin;C:\Program Files\VDownloader;C:\xampp\htdocs\Homestead\homestead.bat;C:\Program Files\Calibre2\;C:\Program Files (x86)\GtkSharp\2.12\bin;C:\Program Files\Perforce;C:\Program Files (x86)\Windows Kits\8.1\Windows Performance Toolkit\;C:\Program Files (x86)\Windows Kits\10\Windows Performance Toolkit\;C:\ProgramData\chocolatey\bin;C:\nvm;C:\nvm\v8.9.1;C:\Android\sdk\platform-tools;C:\Android\sdk\emulator;C:\Program Files\Microsoft SQL Server\Client SDK\ODBC\130\Tools\Binn\;C:\Program Files (x86)\Microsoft SQL Server\130\Tools\Binn\;C:\Program Files\Microsoft SQL Server\130\Tools\Binn\;C:\Program Files\Microsoft SQL Server\130\DTS\Binn\;C:\Program Files (x86)\Microsoft SQL Server\Client SDK\ODBC\130\Tools\Binn\;C:\Program Files (x86)\Microsoft SQL Server\140\Tools\Binn\;C:\Program Files (x86)\Microsoft SQL Server\140\DTS\Binn\;C:\WINDOWS\System32\OpenSSH\;C:\HashiCorp\Vagrant\bin;C:\Program Files (x86)\Yarn\bin\;C:\Program Files\nodejs\;C:\Android\android-sdk\tools;C:\Android\android-sdk\platform-tools;C:\Android\android-sdk\tools\bin;C:\Go\bin;C:\Program Files (x86)\Google\Cloud SDK\google-cloud-sdk\bin;C:\Program Files\NVIDIA Corporation\NVIDIA NvDLISR;C:\apache-maven-3.6.0\bin;C:\Users\Mihail Ilinov\AppData\Local\Programs\Python\Python37-32\Scripts\;C:\Users\Mihail Ilinov\AppData\Local\Programs\Python\Python37-32\;C:\Users\Mihail Ilinov\AppData\Local\Programs\Python\Python36\Scripts\;C:\Users\Mihail Ilinov\AppData\Local\Programs\Python\Python36\;C:\Ruby23-x64\bin;C:\Program Files\Intel\WiFi\bin\;C:\Program Files\Common Files\Intel\WirelessCommon\;C:\Users\Mihail Ilinov\AppData\Roaming\Composer\vendor\bin;C:\Program Files\ansicon;C:\Users\Mihail Ilinov\AppData\Local\Microsoft\WindowsApps;C:\xampp\htdocs\Homestead\;C:\Program Files\Perforce\Server;C:\nvm;C:\nvm\v8.9.1;C:\Users\Mihail Ilinov\AppData\Local\Programs\Fiddler;C:\Program Files\Microsoft VS Code\bin;C:\Java\jdk1.8.0_144\bin;C:\Users\Mihail Ilinov\AppData\Local\Microsoft\WindowsApps;C:\Users\Mihail Ilinov\AppData\Local\Yarn\bin;C:\Users\Mihail Ilinov\AppData\Roaming\npm;C:\Android\sdk;C:\xampp\htdocs\mike\GoLang\bin;C:\Program Files\Git\mingw64;C:\cmder;.
	java.net.preferIPv4Stack = true
	java.runtime.name = Java(TM) SE Runtime Environment
	java.runtime.version = 11.0.2+9-LTS
	java.specification.name = Java Platform API Specification
	java.specification.vendor = Oracle Corporation
	java.specification.version = 11
	java.util.logging.manager = org.jboss.logmanager.LogManager
	java.vendor = Oracle Corporation
	java.vendor.url = http://java.oracle.com/
	java.vendor.url.bug = http://bugreport.java.com/bugreport/
	java.vendor.version = 18.9
	java.version = 11.0.2
	java.version.date = 2019-01-15
	java.vm.compressedOopsMode = 32-bit
	java.vm.info = mixed mode
	java.vm.name = Java HotSpot(TM) 64-Bit Server VM
	java.vm.specification.name = Java Virtual Machine Specification
	java.vm.specification.vendor = Oracle Corporation
	java.vm.specification.version = 11
	java.vm.vendor = Oracle Corporation
	java.vm.version = 11.0.2+9-LTS
	javax.management.builder.initial = org.jboss.as.jmx.PluggableMBeanServerBuilder
	jboss.home.dir = D:\Work\Phaser\westward\keycloak-5.0.0
	jboss.host.name = mike
	jboss.modules.dir = D:\Work\Phaser\westward\keycloak-5.0.0\modules
	jboss.modules.system.pkgs = org.jboss.byteman
	jboss.node.name = mike
	jboss.qualified.host.name = mike
	jboss.server.base.dir = D:\Work\Phaser\westward\keycloak-5.0.0\standalone
	jboss.server.config.dir = D:\Work\Phaser\westward\keycloak-5.0.0\standalone\configuration
	jboss.server.data.dir = D:\Work\Phaser\westward\keycloak-5.0.0\standalone\data
	jboss.server.deploy.dir = D:\Work\Phaser\westward\keycloak-5.0.0\standalone\data\content
	jboss.server.log.dir = D:\Work\Phaser\westward\keycloak-5.0.0\standalone\log
	jboss.server.name = mike
	jboss.server.persist.config = true
	jboss.server.temp.dir = D:\Work\Phaser\westward\keycloak-5.0.0\standalone\tmp
	jdk.debug = release
	line.separator = 

	logging.configuration = file:D:\Work\Phaser\westward\keycloak-5.0.0\standalone\configuration/logging.properties
	module.path = D:\Work\Phaser\westward\keycloak-5.0.0\modules
	org.jboss.boot.log.file = D:\Work\Phaser\westward\keycloak-5.0.0\standalone\log\server.log
	org.jboss.resolver.warning = true
	os.arch = amd64
	os.name = Windows 10
	os.version = 10.0
	path.separator = ;
	program.name = standalone.bat
	sun.arch.data.model = 64
	sun.boot.library.path = C:\Program Files\Java\jdk-11.0.2\bin
	sun.cpu.endian = little
	sun.cpu.isalist = amd64
	sun.desktop = windows
	sun.io.unicode.encoding = UnicodeLittle
	sun.java.command = D:\Work\Phaser\westward\keycloak-5.0.0\jboss-modules.jar -mp D:\Work\Phaser\westward\keycloak-5.0.0\modules org.jboss.as.standalone -Djboss.home.dir=D:\Work\Phaser\westward\keycloak-5.0.0
	sun.java.launcher = SUN_STANDARD
	sun.jnu.encoding = Cp1251
	sun.management.compiler = HotSpot 64-Bit Tiered Compilers
	sun.os.patch.level = 
	sun.stderr.encoding = cp866
	sun.stdout.encoding = cp866
	user.country = US
	user.country.format = BG
	user.dir = D:\Work\Phaser\westward\keycloak-5.0.0\bin
	user.home = C:\Users\Mihail Ilinov
	user.language = en
	user.language.format = bg
	user.name = Mihail Ilinov
	user.script = 
	user.timezone = Europe/Helsinki
	user.variant = 
2019-03-11 00:34:34,303 DEBUG [org.jboss.as.config] (MSC service thread 1-1) VM Arguments: -Dprogram.name=standalone.bat -Xms64M -Xmx512M -XX:MetaspaceSize=96M -XX:MaxMetaspaceSize=256m -Djava.net.preferIPv4Stack=true -Djboss.modules.system.pkgs=org.jboss.byteman --add-exports=java.base/sun.nio.ch=ALL-UNNAMED --add-exports=jdk.unsupported/sun.misc=ALL-UNNAMED --add-exports=jdk.unsupported/sun.reflect=ALL-UNNAMED --add-modules=java.se -Dorg.jboss.boot.log.file=D:\Work\Phaser\westward\keycloak-5.0.0\standalone\log\server.log -Dlogging.configuration=file:D:\Work\Phaser\westward\keycloak-5.0.0\standalone\configuration/logging.properties 
2019-03-11 00:34:36,981 INFO  [org.wildfly.security] (ServerService Thread Pool -- 19) ELY00001: WildFly Elytron version 1.7.0.Final
2019-03-11 00:34:42,768 INFO  [org.jboss.as.controller.management-deprecated] (Controller Boot Thread) WFLYCTL0028: Attribute 'security-realm' in the resource at address '/core-service=management/management-interface=http-interface' is deprecated, and may be removed in a future version. See the attribute description in the output of the read-resource-description operation to learn more about the deprecation.
2019-03-11 00:34:42,793 INFO  [org.jboss.as.controller.management-deprecated] (ServerService Thread Pool -- 22) WFLYCTL0028: Attribute 'security-realm' in the resource at address '/subsystem=undertow/server=default-server/https-listener=https' is deprecated, and may be removed in a future version. See the attribute description in the output of the read-resource-description operation to learn more about the deprecation.
2019-03-11 00:34:42,893 INFO  [org.jboss.as.server] (Controller Boot Thread) WFLYSRV0039: Creating http management service using socket-binding (management-http)
2019-03-11 00:34:42,913 INFO  [org.xnio] (MSC service thread 1-4) XNIO version 3.6.5.Final
2019-03-11 00:34:42,923 INFO  [org.xnio.nio] (MSC service thread 1-4) XNIO NIO Implementation Version 3.6.5.Final
2019-03-11 00:34:42,973 WARN  [org.jboss.as.txn] (ServerService Thread Pool -- 45) WFLYTX0013: The node-identifier attribute on the /subsystem=transactions is set to the default value. This is a danger for environments running multiple servers. Please make sure the attribute value is unique.
2019-03-11 00:34:42,982 INFO  [org.jboss.as.clustering.infinispan] (ServerService Thread Pool -- 33) WFLYCLINF0001: Activating Infinispan subsystem.
2019-03-11 00:34:42,990 INFO  [org.jboss.as.naming] (ServerService Thread Pool -- 39) WFLYNAM0001: Activating Naming Subsystem
2019-03-11 00:34:43,003 INFO  [org.jboss.as.connector] (MSC service thread 1-8) WFLYJCA0009: Starting JCA Subsystem (WildFly/IronJacamar 1.4.11.Final)
2019-03-11 00:34:43,004 INFO  [org.jboss.as.mail.extension] (MSC service thread 1-2) WFLYMAIL0002: Unbound mail session [java:jboss/mail/Default]
2019-03-11 00:34:43,009 INFO  [org.jboss.as.security] (ServerService Thread Pool -- 44) WFLYSEC0002: Activating Security Subsystem
2019-03-11 00:34:43,026 INFO  [org.jboss.as.security] (MSC service thread 1-2) WFLYSEC0001: Current PicketBox version=5.0.3.Final
2019-03-11 00:34:43,078 INFO  [org.wildfly.extension.io] (ServerService Thread Pool -- 32) WFLYIO001: Worker 'default' has auto-configured to 16 core threads with 128 task threads based on your 8 available processors
2019-03-11 00:34:43,116 INFO  [org.jboss.as.connector.subsystems.datasources] (ServerService Thread Pool -- 28) WFLYJCA0004: Deploying JDBC-compliant driver class org.h2.Driver (version 1.4)
2019-03-11 00:34:43,128 INFO  [org.wildfly.extension.undertow] (MSC service thread 1-3) WFLYUT0003: Undertow 2.0.15.Final starting
2019-03-11 00:34:43,168 INFO  [org.jboss.as.connector.deployers.jdbc] (MSC service thread 1-3) WFLYJCA0018: Started Driver service with driver-name = h2
2019-03-11 00:34:43,190 INFO  [org.jboss.as.connector.subsystems.datasources] (MSC service thread 1-7) WFLYJCA0010: Unbound data source [java:jboss/datasources/ExampleDS]
2019-03-11 00:34:43,257 INFO  [org.jboss.as.naming] (MSC service thread 1-8) WFLYNAM0003: Starting Naming Service
2019-03-11 00:34:43,253 INFO  [org.jboss.remoting] (MSC service thread 1-3) JBoss Remoting version 5.0.8.Final
2019-03-11 00:34:43,209 INFO  [org.jboss.as.connector.subsystems.datasources] (MSC service thread 1-2) WFLYJCA0010: Unbound data source [java:jboss/datasources/KeycloakDS]
2019-03-11 00:34:43,333 INFO  [org.jboss.as.mail.extension] (MSC service thread 1-8) WFLYMAIL0001: Bound mail session [java:jboss/mail/Default]
2019-03-11 00:34:43,399 INFO  [org.jboss.as.ejb3] (MSC service thread 1-8) WFLYEJB0482: Strict pool mdb-strict-max-pool is using a max instance size of 32 (per class), which is derived from the number of CPUs on this host.
2019-03-11 00:34:43,399 INFO  [org.jboss.as.ejb3] (MSC service thread 1-7) WFLYEJB0481: Strict pool slsb-strict-max-pool is using a max instance size of 128 (per class), which is derived from thread worker pool sizing.
2019-03-11 00:34:43,662 INFO  [org.wildfly.extension.undertow] (ServerService Thread Pool -- 46) WFLYUT0014: Creating file handler for path 'D:\Work\Phaser\westward\keycloak-5.0.0/welcome-content' with options [directory-listing: 'false', follow-symlink: 'false', case-sensitive: 'true', safe-symlink-paths: '[]']
2019-03-11 00:34:43,667 INFO  [org.wildfly.extension.undertow] (MSC service thread 1-2) WFLYUT0012: Started server default-server.
2019-03-11 00:34:43,671 INFO  [org.wildfly.extension.undertow] (MSC service thread 1-8) WFLYUT0018: Host default-host starting
2019-03-11 00:34:43,729 INFO  [org.wildfly.extension.undertow] (MSC service thread 1-4) WFLYUT0006: Undertow HTTP listener default listening on 127.0.0.1:8080
2019-03-11 00:34:43,813 INFO  [org.jboss.as.ejb3] (MSC service thread 1-5) WFLYEJB0493: EJB subsystem suspension complete
2019-03-11 00:34:43,888 INFO  [org.jboss.as.connector.subsystems.datasources] (MSC service thread 1-8) WFLYJCA0001: Bound data source [java:jboss/datasources/ExampleDS]
2019-03-11 00:34:43,888 INFO  [org.jboss.as.connector.subsystems.datasources] (MSC service thread 1-2) WFLYJCA0001: Bound data source [java:jboss/datasources/KeycloakDS]
2019-03-11 00:34:45,054 INFO  [org.jboss.as.jaxrs] (ServerService Thread Pool -- 34) WFLYRS0016: RESTEasy version 3.6.2.Final
2019-03-11 00:34:49,178 INFO  [org.jboss.as.patching] (MSC service thread 1-8) WFLYPAT0050: Keycloak cumulative patch ID is: base, one-off patches include: none
2019-03-11 00:34:49,192 WARN  [org.jboss.as.domain.management.security] (MSC service thread 1-7) WFLYDM0111: Keystore D:\Work\Phaser\westward\keycloak-5.0.0\standalone\configuration\application.keystore not found, it will be auto generated on first use with a self signed certificate for host localhost
2019-03-11 00:34:49,206 INFO  [org.jboss.as.server.deployment.scanner] (MSC service thread 1-6) WFLYDS0013: Started FileSystemDeploymentService for directory D:\Work\Phaser\westward\keycloak-5.0.0\standalone\deployments
2019-03-11 00:34:49,234 INFO  [org.jboss.as.server.deployment] (MSC service thread 1-2) WFLYSRV0027: Starting deployment of "keycloak-server.war" (runtime-name: "keycloak-server.war")
2019-03-11 00:34:49,323 INFO  [org.wildfly.extension.undertow] (MSC service thread 1-3) WFLYUT0006: Undertow HTTPS listener https listening on 127.0.0.1:8443
2019-03-11 00:34:56,389 WARN  [org.jboss.as.dependency.private] (MSC service thread 1-2) WFLYSRV0018: Deployment "deployment.keycloak-server.war" is using a private module ("org.kie") which may be changed or removed in future versions without notice.
2019-03-11 00:34:56,707 INFO  [org.infinispan.factories.GlobalComponentRegistry] (MSC service thread 1-6) ISPN000128: Infinispan version: Infinispan 'Infinity Minus ONE +2' 9.4.3.Final
2019-03-11 00:34:57,058 INFO  [org.jboss.as.clustering.infinispan] (ServerService Thread Pool -- 56) WFLYCLINF0002: Started offlineClientSessions cache from keycloak container
2019-03-11 00:34:57,058 INFO  [org.jboss.as.clustering.infinispan] (ServerService Thread Pool -- 53) WFLYCLINF0002: Started actionTokens cache from keycloak container
2019-03-11 00:34:57,059 INFO  [org.jboss.as.clustering.infinispan] (ServerService Thread Pool -- 50) WFLYCLINF0002: Started clientSessions cache from keycloak container
2019-03-11 00:34:57,058 INFO  [org.jboss.as.clustering.infinispan] (ServerService Thread Pool -- 58) WFLYCLINF0002: Started authorization cache from keycloak container
2019-03-11 00:34:57,058 INFO  [org.jboss.as.clustering.infinispan] (ServerService Thread Pool -- 52) WFLYCLINF0002: Started realms cache from keycloak container
2019-03-11 00:34:57,059 INFO  [org.jboss.as.clustering.infinispan] (ServerService Thread Pool -- 51) WFLYCLINF0002: Started users cache from keycloak container
2019-03-11 00:34:57,058 INFO  [org.jboss.as.clustering.infinispan] (ServerService Thread Pool -- 54) WFLYCLINF0002: Started offlineSessions cache from keycloak container
2019-03-11 00:34:57,058 INFO  [org.jboss.as.clustering.infinispan] (ServerService Thread Pool -- 60) WFLYCLINF0002: Started sessions cache from keycloak container
2019-03-11 00:34:57,058 INFO  [org.jboss.as.clustering.infinispan] (ServerService Thread Pool -- 59) WFLYCLINF0002: Started work cache from keycloak container
2019-03-11 00:34:57,059 INFO  [org.jboss.as.clustering.infinispan] (ServerService Thread Pool -- 49) WFLYCLINF0002: Started keys cache from keycloak container
2019-03-11 00:34:57,058 INFO  [org.jboss.as.clustering.infinispan] (ServerService Thread Pool -- 55) WFLYCLINF0002: Started authenticationSessions cache from keycloak container
2019-03-11 00:34:57,059 INFO  [org.jboss.as.clustering.infinispan] (ServerService Thread Pool -- 57) WFLYCLINF0002: Started loginFailures cache from keycloak container
2019-03-11 00:34:57,150 INFO  [org.jboss.as.clustering.infinispan] (ServerService Thread Pool -- 61) WFLYCLINF0002: Started client-mappings cache from ejb container
2019-03-11 00:35:00,265 INFO  [org.keycloak.services] (ServerService Thread Pool -- 58) KC-SERVICES0001: Loading config from standalone.xml or domain.xml
2019-03-11 00:35:00,731 INFO  [org.jboss.as.clustering.infinispan] (ServerService Thread Pool -- 58) WFLYCLINF0002: Started realmRevisions cache from keycloak container
2019-03-11 00:35:00,737 INFO  [org.jboss.as.clustering.infinispan] (ServerService Thread Pool -- 58) WFLYCLINF0002: Started userRevisions cache from keycloak container
2019-03-11 00:35:00,747 INFO  [org.jboss.as.clustering.infinispan] (ServerService Thread Pool -- 58) WFLYCLINF0002: Started authorizationRevisions cache from keycloak container
2019-03-11 00:35:00,750 INFO  [org.keycloak.connections.infinispan.DefaultInfinispanConnectionProviderFactory] (ServerService Thread Pool -- 58) Node name: mike, Site name: null
2019-03-11 00:35:09,609 INFO  [org.keycloak.connections.jpa.updater.liquibase.LiquibaseJpaUpdaterProvider] (ServerService Thread Pool -- 58) Initializing database schema. Using changelog META-INF/jpa-changelog-master.xml
2019-03-11 00:35:11,615 INFO  [org.hibernate.jpa.internal.util.LogHelper] (ServerService Thread Pool -- 58) HHH000204: Processing PersistenceUnitInfo [
	name: keycloak-default
	...]
2019-03-11 00:35:11,681 INFO  [org.hibernate.Version] (ServerService Thread Pool -- 58) HHH000412: Hibernate Core {5.3.7.Final}
2019-03-11 00:35:11,684 INFO  [org.hibernate.cfg.Environment] (ServerService Thread Pool -- 58) HHH000206: hibernate.properties not found
2019-03-11 00:35:12,124 INFO  [org.hibernate.annotations.common.Version] (ServerService Thread Pool -- 58) HCANN000001: Hibernate Commons Annotations {5.0.4.Final}
2019-03-11 00:35:12,312 INFO  [org.hibernate.dialect.Dialect] (ServerService Thread Pool -- 58) HHH000400: Using dialect: org.hibernate.dialect.H2Dialect
2019-03-11 00:35:12,319 WARN  [org.hibernate.dialect.H2Dialect] (ServerService Thread Pool -- 58) HHH000431: Unable to determine H2 database version, certain features may not work
2019-03-11 00:35:12,360 INFO  [org.hibernate.envers.boot.internal.EnversServiceImpl] (ServerService Thread Pool -- 58) Envers integration enabled? : true
2019-03-11 00:35:12,844 INFO  [org.hibernate.orm.beans] (ServerService Thread Pool -- 58) HHH10005002: No explicit CDI BeanManager reference was passed to Hibernate, but CDI is available on the Hibernate ClassLoader.
2019-03-11 00:35:12,900 INFO  [org.hibernate.validator.internal.util.Version] (ServerService Thread Pool -- 58) HV000001: Hibernate Validator 6.0.14.Final
2019-03-11 00:35:14,179 INFO  [org.hibernate.hql.internal.QueryTranslatorFactoryInitiator] (ServerService Thread Pool -- 58) HHH000397: Using ASTQueryTranslatorFactory
2019-03-11 00:35:14,682 INFO  [org.keycloak.services] (ServerService Thread Pool -- 58) KC-SERVICES0050: Initializing master realm
2019-03-11 00:35:16,112 INFO  [org.jboss.resteasy.resteasy_jaxrs.i18n] (ServerService Thread Pool -- 58) RESTEASY002225: Deploying javax.ws.rs.core.Application: class org.keycloak.services.resources.KeycloakApplication
2019-03-11 00:35:16,114 INFO  [org.jboss.resteasy.resteasy_jaxrs.i18n] (ServerService Thread Pool -- 58) RESTEASY002205: Adding provider class org.keycloak.services.filters.KeycloakStringEntityFilter from Application class org.keycloak.services.resources.KeycloakApplication
2019-03-11 00:35:16,116 INFO  [org.jboss.resteasy.resteasy_jaxrs.i18n] (ServerService Thread Pool -- 58) RESTEASY002200: Adding class resource org.keycloak.services.resources.ThemeResource from Application class org.keycloak.services.resources.KeycloakApplication
2019-03-11 00:35:16,117 INFO  [org.jboss.resteasy.resteasy_jaxrs.i18n] (ServerService Thread Pool -- 58) RESTEASY002200: Adding class resource org.keycloak.services.resources.JsResource from Application class org.keycloak.services.resources.KeycloakApplication
2019-03-11 00:35:16,118 INFO  [org.jboss.resteasy.resteasy_jaxrs.i18n] (ServerService Thread Pool -- 58) RESTEASY002205: Adding provider class org.keycloak.services.error.KeycloakErrorHandler from Application class org.keycloak.services.resources.KeycloakApplication
2019-03-11 00:35:16,119 INFO  [org.jboss.resteasy.resteasy_jaxrs.i18n] (ServerService Thread Pool -- 58) RESTEASY002205: Adding provider class org.keycloak.services.filters.KeycloakTransactionCommitter from Application class org.keycloak.services.resources.KeycloakApplication
2019-03-11 00:35:16,120 INFO  [org.jboss.resteasy.resteasy_jaxrs.i18n] (ServerService Thread Pool -- 58) RESTEASY002220: Adding singleton resource org.keycloak.services.resources.admin.AdminRoot from Application class org.keycloak.services.resources.KeycloakApplication
2019-03-11 00:35:16,121 INFO  [org.jboss.resteasy.resteasy_jaxrs.i18n] (ServerService Thread Pool -- 58) RESTEASY002210: Adding provider singleton org.keycloak.services.util.ObjectMapperResolver from Application class org.keycloak.services.resources.KeycloakApplication
2019-03-11 00:35:16,122 INFO  [org.jboss.resteasy.resteasy_jaxrs.i18n] (ServerService Thread Pool -- 58) RESTEASY002220: Adding singleton resource org.keycloak.services.resources.RealmsResource from Application class org.keycloak.services.resources.KeycloakApplication
2019-03-11 00:35:16,123 INFO  [org.jboss.resteasy.resteasy_jaxrs.i18n] (ServerService Thread Pool -- 58) RESTEASY002220: Adding singleton resource org.keycloak.services.resources.RobotsResource from Application class org.keycloak.services.resources.KeycloakApplication
2019-03-11 00:35:16,123 INFO  [org.jboss.resteasy.resteasy_jaxrs.i18n] (ServerService Thread Pool -- 58) RESTEASY002220: Adding singleton resource org.keycloak.services.resources.WelcomeResource from Application class org.keycloak.services.resources.KeycloakApplication
2019-03-11 00:35:16,293 INFO  [org.wildfly.extension.undertow] (ServerService Thread Pool -- 58) WFLYUT0021: Registered web context: '/auth' for server 'default-server'
2019-03-11 00:35:16,308 INFO  [org.jboss.as.server] (ServerService Thread Pool -- 47) WFLYSRV0010: Deployed "keycloak-server.war" (runtime-name : "keycloak-server.war")
2019-03-11 00:35:16,355 INFO  [org.jboss.as.server] (Controller Boot Thread) WFLYSRV0212: Resuming server
2019-03-11 00:35:16,358 INFO  [org.jboss.as] (Controller Boot Thread) WFLYSRV0060: Http management interface listening on http://127.0.0.1:9990/management
2019-03-11 00:35:16,358 INFO  [org.jboss.as] (Controller Boot Thread) WFLYSRV0051: Admin console listening on http://127.0.0.1:9990
2019-03-11 00:35:16,359 INFO  [org.jboss.as] (Controller Boot Thread) WFLYSRV0025: Keycloak 5.0.0 (WildFly Core 7.0.0.Final) started in 51181ms - Started 578 of 835 services (557 services are lazy, passive or on-demand)
2019-03-11 00:43:15,130 INFO  [org.keycloak.services] (default task-4) KC-SERVICES0077: Created initial admin user with username admin
2019-03-11 01:27:02,065 WARN  [org.keycloak.events] (default task-1) type=REFRESH_TOKEN_ERROR, realmId=master, clientId=security-admin-console, userId=null, ipAddress=127.0.0.1, error=invalid_token, grant_type=refresh_token, client_auth_method=client-secret
2019-03-11 01:38:15,208 WARN  [org.keycloak.events] (default task-3) type=REGISTER_ERROR, realmId=Westward, clientId=account, userId=null, ipAddress=127.0.0.1, error=email_in_use, auth_method=openid-connect, auth_type=code, register_method=form, redirect_uri=http://localhost:8080/auth/realms/westward/account/login-redirect, code_id=09d0a218-954e-4558-9c8b-8099463476e1, email=mihail@ilinov.eu, username=user1
2019-03-11 21:22:59,852 WARN  [org.keycloak.events] (default task-3) type=LOGIN_ERROR, realmId=master, clientId=security-admin-console, userId=null, ipAddress=127.0.0.1, error=user_not_found, auth_method=openid-connect, auth_type=code, redirect_uri=http://localhost:8080/auth/admin/master/console/, code_id=9cd70d33-ae88-4e28-802b-5181b2494e29, username=wwadmin
2019-03-11 21:23:06,187 WARN  [org.keycloak.events] (default task-3) type=LOGIN_ERROR, realmId=master, clientId=security-admin-console, userId=null, ipAddress=127.0.0.1, error=user_not_found, auth_method=openid-connect, auth_type=code, redirect_uri=http://localhost:8080/auth/admin/master/console/, code_id=9cd70d33-ae88-4e28-802b-5181b2494e29, username=wwadmin
2019-03-11 21:30:12,709 WARN  [org.keycloak.events] (default task-3) type=CODE_TO_TOKEN_ERROR, realmId=Westward, clientId=account, userId=null, ipAddress=127.0.0.1, error=invalid_client_credentials, grant_type=authorization_code
2019-03-11 21:47:08,855 WARN  [org.keycloak.events] (default task-3) type=LOGIN_ERROR, realmId=Westward, clientId=account, userId=null, ipAddress=127.0.0.1, error=invalid_redirect_uri, redirect_uri=http://localhost:4200/
2019-03-11 21:47:45,402 WARN  [org.keycloak.events] (default task-3) type=CODE_TO_TOKEN_ERROR, realmId=Westward, clientId=account, userId=null, ipAddress=127.0.0.1, error=invalid_client_credentials, grant_type=authorization_code
2019-03-11 21:48:37,110 WARN  [org.keycloak.events] (default task-3) type=CODE_TO_TOKEN_ERROR, realmId=Westward, clientId=account, userId=null, ipAddress=127.0.0.1, error=invalid_client_credentials, grant_type=authorization_code
2019-03-11 21:53:52,950 WARN  [org.keycloak.events] (default task-3) type=CODE_TO_TOKEN_ERROR, realmId=Westward, clientId=account, userId=null, ipAddress=127.0.0.1, error=invalid_client_credentials, grant_type=authorization_code
2019-03-11 21:53:59,226 WARN  [org.keycloak.events] (default task-3) type=CODE_TO_TOKEN_ERROR, realmId=Westward, clientId=account, userId=null, ipAddress=127.0.0.1, error=invalid_client_credentials, grant_type=authorization_code
2019-03-11 22:04:35,366 WARN  [org.keycloak.events] (default task-3) type=CODE_TO_TOKEN_ERROR, realmId=Westward, clientId=account, userId=null, ipAddress=127.0.0.1, error=invalid_client_credentials, grant_type=authorization_code
